<?xml version="1.0" encoding="UTF-8"?>
<!-- Generated by org.testng.reporters.JUnitXMLReporter -->
<testsuite ignored="0" hostname="HYDPCM385894L" failures="0" tests="4" name="Default test" time="6.199" errors="0" timestamp="2022-02-22T13:49:49 IST">
  <testcase classname="com.qa.rest.test.Parameterize" name="test_delete" time="4.312"/>
  <testcase classname="com.qa.rest.test.Parameterize" name="test_delete" time="0.63"/>
  <testcase classname="com.qa.rest.test.Parameterize" name="test_delete" time="0.666"/>
  <testcase classname="com.qa.rest.test.Parameterize" name="test_delete" time="0.492"/>
</testsuite> <!-- Default test -->
