<?xml version="1.0" encoding="UTF-8"?>
<testng-results ignored="0" total="4" passed="4" failed="0" skipped="0">
  <reporter-output>
  </reporter-output>
  <suite started-at="2022-02-22T13:49:43 IST" name="Default suite" finished-at="2022-02-22T13:49:49 IST" duration-ms="6199">
    <groups>
    </groups>
    <test started-at="2022-02-22T13:49:43 IST" name="Default test" finished-at="2022-02-22T13:49:49 IST" duration-ms="6199">
      <class name="com.qa.rest.test.Parameterize">
        <test-method signature="test_delete(int)[pri:0, instance:com.qa.rest.test.Parameterize@6283d8b8]" started-at="2022-02-22T13:49:43 IST" name="test_delete" data-provider="DeleteData" finished-at="2022-02-22T13:49:47 IST" duration-ms="4312" status="PASS">
          <params>
            <param index="0">
              <value>
                <![CDATA[4]]>
              </value>
            </param>
          </params>
          <reporter-output>
          </reporter-output>
        </test-method> <!-- test_delete -->
        <test-method signature="test_delete(int)[pri:0, instance:com.qa.rest.test.Parameterize@6283d8b8]" started-at="2022-02-22T13:49:47 IST" name="test_delete" data-provider="DeleteData" finished-at="2022-02-22T13:49:48 IST" duration-ms="630" status="PASS">
          <params>
            <param index="0">
              <value>
                <![CDATA[5]]>
              </value>
            </param>
          </params>
          <reporter-output>
          </reporter-output>
        </test-method> <!-- test_delete -->
        <test-method signature="test_delete(int)[pri:0, instance:com.qa.rest.test.Parameterize@6283d8b8]" started-at="2022-02-22T13:49:48 IST" name="test_delete" data-provider="DeleteData" finished-at="2022-02-22T13:49:48 IST" duration-ms="666" status="PASS">
          <params>
            <param index="0">
              <value>
                <![CDATA[6]]>
              </value>
            </param>
          </params>
          <reporter-output>
          </reporter-output>
        </test-method> <!-- test_delete -->
        <test-method signature="test_delete(int)[pri:0, instance:com.qa.rest.test.Parameterize@6283d8b8]" started-at="2022-02-22T13:49:48 IST" name="test_delete" data-provider="DeleteData" finished-at="2022-02-22T13:49:49 IST" duration-ms="492" status="PASS">
          <params>
            <param index="0">
              <value>
                <![CDATA[7]]>
              </value>
            </param>
          </params>
          <reporter-output>
          </reporter-output>
        </test-method> <!-- test_delete -->
      </class> <!-- com.qa.rest.test.Parameterize -->
    </test> <!-- Default test -->
  </suite> <!-- Default suite -->
</testng-results>
